Mon Jan 07 2019 19:29:15 GMT+0530 (India Standard Time) GET /
Mon Jan 07 2019 19:29:56 GMT+0530 (India Standard Time) GET /
Mon Jan 07 2019 19:30:03 GMT+0530 (India Standard Time) GET /
Mon Jan 07 2019 19:30:03 GMT+0530 (India Standard Time) GET /img/profile.jpg
Mon Jan 07 2019 19:30:03 GMT+0530 (India Standard Time) GET /vendor/jquery/jquery.min.js
Mon Jan 07 2019 19:30:03 GMT+0530 (India Standard Time) GET /vendor/jquery-easing/jquery.easing.min.js
Mon Jan 07 2019 19:30:03 GMT+0530 (India Standard Time) GET /vendor/jquery-easing/jquery.easing.min.js
Mon Jan 07 2019 19:34:01 GMT+0530 (India Standard Time) GET /
Mon Jan 07 2019 19:34:01 GMT+0530 (India Standard Time) GET /img/profile.jpg
Mon Jan 07 2019 19:34:01 GMT+0530 (India Standard Time) GET /vendor/jquery/jquery.min.js
Mon Jan 07 2019 19:34:01 GMT+0530 (India Standard Time) GET /vendor/jquery-easing/jquery.easing.min.js
Mon Jan 07 2019 19:34:01 GMT+0530 (India Standard Time) GET /vendor/jquery/jquery.min.js
Mon Jan 07 2019 19:34:01 GMT+0530 (India Standard Time) GET /vendor/jquery-easing/jquery.easing.min.js
Mon Jan 07 2019 19:58:09 GMT+0530 (India Standard Time) GET /
Mon Jan 07 2019 19:58:09 GMT+0530 (India Standard Time) GET /img/profile.jpg
Mon Jan 07 2019 19:58:09 GMT+0530 (India Standard Time) GET /vendor/jquery/jquery.min.js
Mon Jan 07 2019 19:58:09 GMT+0530 (India Standard Time) GET /vendor/jquery-easing/jquery.easing.min.js
Mon Jan 07 2019 19:58:09 GMT+0530 (India Standard Time) GET /vendor/jquery/jquery.min.js
Mon Jan 07 2019 19:58:09 GMT+0530 (India Standard Time) GET /vendor/jquery-easing/jquery.easing.min.js
Mon Jan 07 2019 19:58:09 GMT+0530 (India Standard Time) GET /favicon.ico
Tue Jan 08 2019 13:25:59 GMT+0530 (India Standard Time) GET /
Tue Jan 08 2019 13:25:59 GMT+0530 (India Standard Time) GET /img/profile.jpg
Tue Jan 08 2019 13:25:59 GMT+0530 (India Standard Time) GET /vendor/jquery/jquery.min.js
Tue Jan 08 2019 13:25:59 GMT+0530 (India Standard Time) GET /vendor/jquery-easing/jquery.easing.min.js
Tue Jan 08 2019 13:25:59 GMT+0530 (India Standard Time) GET /vendor/jquery/jquery.min.js
Tue Jan 08 2019 13:25:59 GMT+0530 (India Standard Time) GET /vendor/jquery-easing/jquery.easing.min.js
Tue Jan 08 2019 13:26:00 GMT+0530 (India Standard Time) GET /favicon.ico
Tue Jan 08 2019 13:34:40 GMT+0530 (India Standard Time) GET /
Tue Jan 08 2019 13:34:40 GMT+0530 (India Standard Time) GET /img/profile.jpg
Tue Jan 08 2019 13:34:40 GMT+0530 (India Standard Time) GET /vendor/jquery-easing/jquery.easing.min.js
Tue Jan 08 2019 13:34:40 GMT+0530 (India Standard Time) GET /vendor/jquery-easing/jquery.easing.min.js
Tue Jan 08 2019 13:34:42 GMT+0530 (India Standard Time) GET /
Tue Jan 08 2019 13:34:42 GMT+0530 (India Standard Time) GET /img/profile.jpg
Tue Jan 08 2019 13:34:42 GMT+0530 (India Standard Time) GET /vendor/jquery-easing/jquery.easing.min.js
Tue Jan 08 2019 13:34:42 GMT+0530 (India Standard Time) GET /vendor/jquery-easing/jquery.easing.min.js
Tue Jan 08 2019 13:34:43 GMT+0530 (India Standard Time) GET /
Tue Jan 08 2019 13:34:43 GMT+0530 (India Standard Time) GET /img/profile.jpg
Tue Jan 08 2019 13:34:43 GMT+0530 (India Standard Time) GET /vendor/jquery-easing/jquery.easing.min.js
Tue Jan 08 2019 13:34:43 GMT+0530 (India Standard Time) GET /vendor/jquery-easing/jquery.easing.min.js
Tue Jan 08 2019 13:34:43 GMT+0530 (India Standard Time) GET /
Tue Jan 08 2019 13:34:43 GMT+0530 (India Standard Time) GET /img/profile.jpg
Tue Jan 08 2019 13:34:43 GMT+0530 (India Standard Time) GET /vendor/jquery-easing/jquery.easing.min.js
Tue Jan 08 2019 13:34:43 GMT+0530 (India Standard Time) GET /vendor/jquery-easing/jquery.easing.min.js
Tue Jan 08 2019 13:35:02 GMT+0530 (India Standard Time) GET /
Tue Jan 08 2019 13:35:02 GMT+0530 (India Standard Time) GET /img/profile.jpg
Tue Jan 08 2019 13:35:02 GMT+0530 (India Standard Time) GET /vendor/jquery-easing/jquery.easing.min.js
Tue Jan 08 2019 13:35:02 GMT+0530 (India Standard Time) GET /vendor/jquery-easing/jquery.easing.min.js
Tue Jan 08 2019 13:35:13 GMT+0530 (India Standard Time) GET /
Tue Jan 08 2019 13:35:13 GMT+0530 (India Standard Time) GET /img/profile.jpg
Tue Jan 08 2019 13:35:13 GMT+0530 (India Standard Time) GET /vendor/jquery-easing/jquery.easing.min.js
Tue Jan 08 2019 13:35:13 GMT+0530 (India Standard Time) GET /vendor/jquery-easing/jquery.easing.min.js
Tue Jan 08 2019 13:36:31 GMT+0530 (India Standard Time) GET /
Tue Jan 08 2019 13:36:31 GMT+0530 (India Standard Time) GET /img/profile.jpg
Tue Jan 08 2019 13:36:31 GMT+0530 (India Standard Time) GET /vendor/jquery-easing/jquery.easing.min.js
Tue Jan 08 2019 13:36:31 GMT+0530 (India Standard Time) GET /vendor/jquery-easing/jquery.easing.min.js
Tue Jan 08 2019 13:36:35 GMT+0530 (India Standard Time) GET /
Tue Jan 08 2019 13:36:35 GMT+0530 (India Standard Time) GET /img/profile.jpg
Tue Jan 08 2019 13:36:35 GMT+0530 (India Standard Time) GET /vendor/jquery-easing/jquery.easing.min.js
Tue Jan 08 2019 13:36:35 GMT+0530 (India Standard Time) GET /vendor/jquery-easing/jquery.easing.min.js
Tue Jan 08 2019 13:37:43 GMT+0530 (India Standard Time) GET /
Tue Jan 08 2019 13:37:43 GMT+0530 (India Standard Time) GET /img/profile.jpg
Tue Jan 08 2019 13:37:43 GMT+0530 (India Standard Time) GET /vendor/jquery-easing/jquery.easing.min.js
Tue Jan 08 2019 13:37:43 GMT+0530 (India Standard Time) GET /vendor/jquery-easing/jquery.easing.min.js
Tue Jan 08 2019 13:44:32 GMT+0530 (India Standard Time) GET /
Tue Jan 08 2019 13:44:32 GMT+0530 (India Standard Time) GET /img/profile.jpg
Tue Jan 08 2019 13:44:39 GMT+0530 (India Standard Time) GET /
Tue Jan 08 2019 13:44:39 GMT+0530 (India Standard Time) GET /img/profile.jpg
Tue Jan 08 2019 13:44:44 GMT+0530 (India Standard Time) GET /
Tue Jan 08 2019 13:44:44 GMT+0530 (India Standard Time) GET /img/profile.jpg
Tue Jan 08 2019 13:45:44 GMT+0530 (India Standard Time) GET /
Tue Jan 08 2019 13:45:44 GMT+0530 (India Standard Time) GET /img/profile.jpg
Tue Jan 08 2019 13:47:17 GMT+0530 (India Standard Time) GET /
Tue Jan 08 2019 13:47:17 GMT+0530 (India Standard Time) GET /img/profile.jpg
Tue Jan 08 2019 13:47:19 GMT+0530 (India Standard Time) GET /
Tue Jan 08 2019 13:47:19 GMT+0530 (India Standard Time) GET /img/profile.jpg
Tue Jan 08 2019 13:47:20 GMT+0530 (India Standard Time) GET /
Tue Jan 08 2019 13:47:20 GMT+0530 (India Standard Time) GET /img/profile.jpg
Tue Jan 08 2019 13:47:20 GMT+0530 (India Standard Time) GET /
Tue Jan 08 2019 13:47:20 GMT+0530 (India Standard Time) GET /img/profile.jpg
Tue Jan 08 2019 13:48:03 GMT+0530 (India Standard Time) GET /
Tue Jan 08 2019 13:49:14 GMT+0530 (India Standard Time) GET /
